Build started 25/12/2021 18:54:34.
     1>Project "E:\Users\Desktop\myfirstmod\mp\src\game\server\server_hl2mp.vcxproj" on node 3 (Build target(s)).
     1>PreBuildEvent:
         if EXIST ..\..\..\game\mod_hl2mp\bin\.\server.dll for /f "delims=" %%A in ('attrib "..\..\..\game\mod_hl2mp\bin\.\server.dll"') do set valveTmpIsReadOnly="%%A"
         set valveTmpIsReadOnlyLetter=%valveTmpIsReadOnly:~6,1%
         if "%valveTmpIsReadOnlyLetter%"=="R" del /q "E:\Users\Desktop\myfirstmod\mp\src\game\server\Debug_mod_hl2mp\"server.dll
         if exist "..\..\devtools\bin\vpc.exe" "..\..\devtools\bin\vpc.exe" -crc2 "server_hl2mp.vcxproj"
         if ERRORLEVEL 1 exit /b 1
         
         :VCEnd
       ClCompile:
         E:\Arquivos de Programas (x86)\Nova pasta\VC\bin\CL.exe /c /I..\..\common /I..\..\public /I..\..\public\tier0 /I..\..\public\tier1 /I..\..\game\server\generated_proto_mod_hl2mp /I"..\..\thirdparty\protobuf-2.3.0\src" /I.\ /I..\..\game\shared /I..\..\utils\common /I..\..\game\shared\econ /I..\..\game\server\NextBot /I..\..\game\shared\hl2 /I.\hl2 /I.\hl2mp /I..\..\game\shared\hl2mp /ZI /nologo /W4 /WX /MP /Od /Oy- /D VPC /D RAD_TELEMETRY_DISABLED /D _HAS_ITERATOR_DEBUGGING=0 /D WIN32 /D _WIN32 /D _DEBUG /D DEBUG /D _WINDOWS /D _USRDLL /D _CRT_SECURE_NO_DEPRECATE /D _CRT_NONSTDC_NO_DEPRECATE /D _ALLOW_RUNTIME_LIBRARY_MISMATCH /D _ALLOW_ITERATOR_DEBUG_LEVEL_MISMATCH /D _ALLOW_MSC_VER_MISMATCH /D _USING_V110_SDK71_ /D _WINDLL /D _MBCS /D COMPILER_MSVC32 /D COMPILER_MSVC32 /D COMPILER_MSVC /D _DLL_EXT=.dll /D DLLNAME=server /D BINK_VIDEO /D AVI_VIDEO /D WMV_VIDEO /D DEV_BUILD /D FRAME_POINTER_OMISSION_DISABLED /D GAME_DLL /D VECTOR /D VERSION_SAFE_STEAM_API_INTERFACES /D PROTECTED_THINGS_ENABLE /D sprintf=use_Q_snprintf_instead_of_sprintf /D strncpy=use_Q_strncpy_instead /D _snprintf=use_Q_snprintf_instead /D fopen=dont_use_fopen /D USE_NAV_MESH /D HL2MP /D HL2_DLL /D _EXTERNAL_DLL_EXT=.dll /D VPCGAMECAPS=HL2MP /D PROJECTDIR=E:\Users\Desktop\myfirstmod\mp\src\game\server /D _DLL_EXT=.dll /D SOURCE1=1 /D VPCGAME=hl2mp /GF /Gm- /MTd /GS /arch:SSE /fp:fast /Zc:wchar_t /Zc:forScope /GR /Yu"cbase.h" /Fp".\Debug_mod_hl2mp\server.pch" /Fo".\Debug_mod_hl2mp\/" /Fd".\Debug_mod_hl2mp\/vc120.pdb" /Gd /TP /wd4316 /analyze- /FC /errorReport:prompt /Zm200 /Gw /Zc:inline ..\..\game\shared\gamerules.cpp
         gamerules.cpp
       Link:
         E:\Arquivos de Programas (x86)\Nova pasta\VC\bin\link.exe /ERRORREPORT:PROMPT /OUT:".\Debug_mod_hl2mp\\server.dll" /INCREMENTAL /NOLOGO /LIBPATH:..\..\lib\common\. /LIBPATH:..\..\lib\public\. shell32.lib user32.lib advapi32.lib gdi32.lib comdlg32.lib ole32.lib winmm.lib /NODEFAULTLIB:libc /NODEFAULTLIB:libcd /NODEFAULTLIB:libcmt /NODEFAULTLIB:libcpmt /NODEFAULTLIB:libcpmt1 /MANIFEST:NO /DEBUG /PDB:".\Debug_mod_hl2mp\/server.pdb" /SUBSYSTEM:WINDOWS,"5.01" /TLBID:1 /DYNAMICBASE:NO /NXCOMPAT /IMPLIB:".\Debug_mod_hl2mp\server.lib" /MACHINE:X86 /SAFESEH:NO  /ignore:4221 /DLL .\Debug_mod_hl2mp\\pointeroverride.obj
         .\Debug_mod_hl2mp\/gamedll_replay.obj
         .\Debug_mod_hl2mp\/achievement_saverestore.obj
         .\Debug_mod_hl2mp\/achievementmgr.obj
         .\Debug_mod_hl2mp\/achievements_hlx.obj
         .\Debug_mod_hl2mp\/activitylist.obj
         .\Debug_mod_hl2mp\/ai_activity.obj
         .\Debug_mod_hl2mp\/ai_baseactor.obj
         .\Debug_mod_hl2mp\/ai_basehumanoid.obj
         .\Debug_mod_hl2mp\/ai_basenpc.obj
         .\Debug_mod_hl2mp\/ai_basenpc_flyer.obj
         .\Debug_mod_hl2mp\/ai_basenpc_flyer_new.obj
         .\Debug_mod_hl2mp\/ai_basenpc_movement.obj
         .\Debug_mod_hl2mp\/ai_basenpc_physicsflyer.obj
         .\Debug_mod_hl2mp\/ai_basenpc_schedule.obj
         .\Debug_mod_hl2mp\/ai_basenpc_squad.obj
         .\Debug_mod_hl2mp\/ai_behavior.obj
         .\Debug_mod_hl2mp\/ai_behavior_assault.obj
         .\Debug_mod_hl2mp\/ai_behavior_fear.obj
         .\Debug_mod_hl2mp\/ai_behavior_follow.obj
         .\Debug_mod_hl2mp\/ai_behavior_lead.obj
         .\Debug_mod_hl2mp\/ai_behavior_rappel.obj
         .\Debug_mod_hl2mp\/ai_behavior_standoff.obj
         .\Debug_mod_hl2mp\/ai_blended_movement.obj
         .\Debug_mod_hl2mp\/ai_concommands.obj
         .\Debug_mod_hl2mp\/ai_condition.obj
         .\Debug_mod_hl2mp\/AI_Criteria.obj
         .\Debug_mod_hl2mp\/ai_default.obj
         .\Debug_mod_hl2mp\/ai_dynamiclink.obj
         .\Debug_mod_hl2mp\/ai_event.obj
         .\Debug_mod_hl2mp\/ai_goalentity.obj
         .\Debug_mod_hl2mp\/ai_hint.obj
         .\Debug_mod_hl2mp\/ai_hull.obj
         .\Debug_mod_hl2mp\/ai_initutils.obj
         .\Debug_mod_hl2mp\/AI_Interest_Target.obj
         .\Debug_mod_hl2mp\/ai_link.obj
         .\Debug_mod_hl2mp\/ai_localnavigator.obj
         .\Debug_mod_hl2mp\/ai_looktarget.obj
         .\Debug_mod_hl2mp\/ai_memory.obj
         .\Debug_mod_hl2mp\/ai_motor.obj
         .\Debug_mod_hl2mp\/ai_moveprobe.obj
         .\Debug_mod_hl2mp\/ai_moveshoot.obj
         .\Debug_mod_hl2mp\/ai_movesolver.obj
         .\Debug_mod_hl2mp\/ai_namespaces.obj
         .\Debug_mod_hl2mp\/ai_navigator.obj
         .\Debug_mod_hl2mp\/ai_network.obj
         .\Debug_mod_hl2mp\/ai_networkmanager.obj
         .\Debug_mod_hl2mp\/ai_node.obj
         .\Debug_mod_hl2mp\/ai_pathfinder.obj
         .\Debug_mod_hl2mp\/ai_planesolver.obj
         .\Debug_mod_hl2mp\/ai_playerally.obj
         .\Debug_mod_hl2mp\/ai_relationship.obj
         .\Debug_mod_hl2mp\/AI_ResponseSystem.obj
         .\Debug_mod_hl2mp\/ai_route.obj
         .\Debug_mod_hl2mp\/ai_saverestore.obj
         .\Debug_mod_hl2mp\/ai_schedule.obj
         .\Debug_mod_hl2mp\/ai_scriptconditions.obj
         .\Debug_mod_hl2mp\/ai_senses.obj
         .\Debug_mod_hl2mp\/ai_sentence.obj
         .\Debug_mod_hl2mp\/ai_speech.obj
         .\Debug_mod_hl2mp\/ai_speechfilter.obj
         .\Debug_mod_hl2mp\/ai_squad.obj
         .\Debug_mod_hl2mp\/ai_squadslot.obj
         .\Debug_mod_hl2mp\/ai_tacticalservices.obj
         .\Debug_mod_hl2mp\/ai_task.obj
         .\Debug_mod_hl2mp\/ai_trackpather.obj
         .\Debug_mod_hl2mp\/ai_utils.obj
         .\Debug_mod_hl2mp\/ai_waypoint.obj
         .\Debug_mod_hl2mp\/ammodef.obj
         .\Debug_mod_hl2mp\/animation.obj
         .\Debug_mod_hl2mp\/base_playeranimstate.obj
         .\Debug_mod_hl2mp\/base_transmit_proxy.obj
         .\Debug_mod_hl2mp\/baseachievement.obj
         .\Debug_mod_hl2mp\/baseanimating.obj
         .\Debug_mod_hl2mp\/BaseAnimatingOverlay.obj
         .\Debug_mod_hl2mp\/basecombatcharacter.obj
         .\Debug_mod_hl2mp\/basecombatcharacter_shared.obj
         .\Debug_mod_hl2mp\/basecombatweapon.obj
         .\Debug_mod_hl2mp\/basecombatweapon_shared.obj
         .\Debug_mod_hl2mp\/baseentity.obj
         .\Debug_mod_hl2mp\/baseentity_shared.obj
         .\Debug_mod_hl2mp\/baseflex.obj
         .\Debug_mod_hl2mp\/basegrenade_concussion.obj
         .\Debug_mod_hl2mp\/basegrenade_contact.obj
         .\Debug_mod_hl2mp\/basegrenade_shared.obj
         .\Debug_mod_hl2mp\/basegrenade_timed.obj
         .\Debug_mod_hl2mp\/basemultiplayerplayer.obj
         .\Debug_mod_hl2mp\/baseparticleentity.obj
         .\Debug_mod_hl2mp\/baseplayer_shared.obj
         .\Debug_mod_hl2mp\/baseprojectile.obj
         .\Debug_mod_hl2mp\/baseviewmodel.obj
         .\Debug_mod_hl2mp\/baseviewmodel_shared.obj
         .\Debug_mod_hl2mp\/beam_shared.obj
         .\Debug_mod_hl2mp\/bitstring.obj
         .\Debug_mod_hl2mp\/bmodels.obj
         .\Debug_mod_hl2mp\/bone_setup.obj
         .\Debug_mod_hl2mp\/buttons.obj
         .\Debug_mod_hl2mp\/cbase.obj
         .\Debug_mod_hl2mp\/client.obj
         .\Debug_mod_hl2mp\/collisionproperty.obj
         .\Debug_mod_hl2mp\/collisionutils.obj
         .\Debug_mod_hl2mp\/colorcorrection.obj
         .\Debug_mod_hl2mp\/colorcorrectionvolume.obj
         .\Debug_mod_hl2mp\/CommentarySystem.obj
         .\Debug_mod_hl2mp\/controlentities.obj
         .\Debug_mod_hl2mp\/cplane.obj
         .\Debug_mod_hl2mp\/CRagdollMagnet.obj
         .\Debug_mod_hl2mp\/damagemodifier.obj
         .\Debug_mod_hl2mp\/death_pose.obj
         .\Debug_mod_hl2mp\/debugoverlay_shared.obj
         .\Debug_mod_hl2mp\/decals.obj
         .\Debug_mod_hl2mp\/doors.obj
         .\Debug_mod_hl2mp\/dt_send.obj
         .\Debug_mod_hl2mp\/dt_utlvector_common.obj
         .\Debug_mod_hl2mp\/dt_utlvector_send.obj
         .\Debug_mod_hl2mp\/dynamiclight.obj
         .\Debug_mod_hl2mp\/editor_sendcommand.obj
         .\Debug_mod_hl2mp\/effect_dispatch_data.obj
         .\Debug_mod_hl2mp\/effects.obj
         .\Debug_mod_hl2mp\/EffectsServer.obj
         .\Debug_mod_hl2mp\/ehandle.obj
         .\Debug_mod_hl2mp\/entityblocker.obj
         .\Debug_mod_hl2mp\/EntityDissolve.obj
         .\Debug_mod_hl2mp\/EntityFlame.obj
         .\Debug_mod_hl2mp\/entitylist.obj
         .\Debug_mod_hl2mp\/entitylist_base.obj
         .\Debug_mod_hl2mp\/EntityParticleTrail.obj
         .\Debug_mod_hl2mp\/EntityParticleTrail_Shared.obj
         .\Debug_mod_hl2mp\/env_debughistory.obj
         .\Debug_mod_hl2mp\/env_detail_controller.obj
         .\Debug_mod_hl2mp\/env_effectsscript.obj
         .\Debug_mod_hl2mp\/env_entity_maker.obj
         .\Debug_mod_hl2mp\/env_particlescript.obj
         .\Debug_mod_hl2mp\/env_player_surface_trigger.obj
         .\Debug_mod_hl2mp\/env_projectedtexture.obj
         .\Debug_mod_hl2mp\/env_screenoverlay.obj
         .\Debug_mod_hl2mp\/env_texturetoggle.obj
         .\Debug_mod_hl2mp\/env_tonemap_controller.obj
         .\Debug_mod_hl2mp\/env_wind_shared.obj
         .\Debug_mod_hl2mp\/env_zoom.obj
         .\Debug_mod_hl2mp\/EnvBeam.obj
         .\Debug_mod_hl2mp\/EnvFade.obj
         .\Debug_mod_hl2mp\/EnvHudHint.obj
         .\Debug_mod_hl2mp\/EnvLaser.obj
         .\Debug_mod_hl2mp\/EnvMessage.obj
         .\Debug_mod_hl2mp\/envmicrophone.obj
         .\Debug_mod_hl2mp\/EnvShake.obj
         .\Debug_mod_hl2mp\/EnvSpark.obj
         .\Debug_mod_hl2mp\/eventlist.obj
         .\Debug_mod_hl2mp\/EventLog.obj
         .\Debug_mod_hl2mp\/explode.obj
         .\Debug_mod_hl2mp\/filesystem_helpers.obj
         .\Debug_mod_hl2mp\/filters.obj
         .\Debug_mod_hl2mp\/fire.obj
         .\Debug_mod_hl2mp\/fire_smoke.obj
         .\Debug_mod_hl2mp\/fish.obj
         .\Debug_mod_hl2mp\/fogcontroller.obj
         .\Debug_mod_hl2mp\/fourwheelvehiclephysics.obj
         .\Debug_mod_hl2mp\/func_areaportal.obj
         .\Debug_mod_hl2mp\/func_areaportalbase.obj
         .\Debug_mod_hl2mp\/func_areaportalwindow.obj
         .\Debug_mod_hl2mp\/func_break.obj
         .\Debug_mod_hl2mp\/func_breakablesurf.obj
         .\Debug_mod_hl2mp\/func_dust.obj
         .\Debug_mod_hl2mp\/func_ladder.obj
         .\Debug_mod_hl2mp\/func_ladder_endpoint.obj
         .\Debug_mod_hl2mp\/func_lod.obj
         .\Debug_mod_hl2mp\/Func_Monitor.obj
         .\Debug_mod_hl2mp\/func_movelinear.obj
         .\Debug_mod_hl2mp\/func_occluder.obj
         .\Debug_mod_hl2mp\/func_reflective_glass.obj
         .\Debug_mod_hl2mp\/func_smokevolume.obj
         .\Debug_mod_hl2mp\/game.obj
         .\Debug_mod_hl2mp\/game_ui.obj
         .\Debug_mod_hl2mp\/gamehandle.obj
         .\Debug_mod_hl2mp\/gameinterface.obj
         .\Debug_mod_hl2mp\/gamemovement.obj
         .\Debug_mod_hl2mp\/gamerules.obj
         .\Debug_mod_hl2mp\/gamerules_register.obj
         .\Debug_mod_hl2mp\/GameStats.obj
         .\Debug_mod_hl2mp\/GameStats_BasicStatsFunctions.obj
         .\Debug_mod_hl2mp\/gamestringpool.obj
         .\Debug_mod_hl2mp\/gametrace_dll.obj
         .\Debug_mod_hl2mp\/gamevars_shared.obj
         .\Debug_mod_hl2mp\/gameweaponmanager.obj
         .\Debug_mod_hl2mp\/genericactor.obj
         .\Debug_mod_hl2mp\/genericmonster.obj
         .\Debug_mod_hl2mp\/gib.obj
         .\Debug_mod_hl2mp\/globals.obj
         .\Debug_mod_hl2mp\/globalstate.obj
         .\Debug_mod_hl2mp\/grenadethrown.obj
         .\Debug_mod_hl2mp\/guntarget.obj
         .\Debug_mod_hl2mp\/h_ai.obj
         .\Debug_mod_hl2mp\/h_cycler.obj
         .\Debug_mod_hl2mp\/h_export.obj
         .\Debug_mod_hl2mp\/haptic_msgs.obj
         .\Debug_mod_hl2mp\/haptic_utils.obj
         .\Debug_mod_hl2mp\/hierarchy.obj
         .\Debug_mod_hl2mp\/hintmessage.obj
         .\Debug_mod_hl2mp\/hintsystem.obj
         .\Debug_mod_hl2mp\/hltvdirector.obj
         .\Debug_mod_hl2mp\/igamesystem.obj
         .\Debug_mod_hl2mp\/info_camera_link.obj
         .\Debug_mod_hl2mp\/info_overlay_accessor.obj
         .\Debug_mod_hl2mp\/init_factory.obj
         .\Debug_mod_hl2mp\/intermission.obj
         .\Debug_mod_hl2mp\/interpolatortypes.obj
         .\Debug_mod_hl2mp\/interval.obj
         .\Debug_mod_hl2mp\/item_world.obj
         .\Debug_mod_hl2mp\/keyframe.obj
         .\Debug_mod_hl2mp\/language.obj
         .\Debug_mod_hl2mp\/lightglow.obj
         .\Debug_mod_hl2mp\/lights.obj
         .\Debug_mod_hl2mp\/logic_measure_movement.obj
         .\Debug_mod_hl2mp\/logic_navigation.obj
         .\Debug_mod_hl2mp\/logicauto.obj
         .\Debug_mod_hl2mp\/logicentities.obj
         .\Debug_mod_hl2mp\/logicrelay.obj
         .\Debug_mod_hl2mp\/map_utils.obj
         .\Debug_mod_hl2mp\/mapentities.obj
         .\Debug_mod_hl2mp\/mapentities_shared.obj
         .\Debug_mod_hl2mp\/maprules.obj
         .\Debug_mod_hl2mp\/MaterialModifyControl.obj
         .\Debug_mod_hl2mp\/memoverride.obj
         .\Debug_mod_hl2mp\/message_entity.obj
         .\Debug_mod_hl2mp\/modelentities.obj
         .\Debug_mod_hl2mp\/ModelSoundsCache.obj
         .\Debug_mod_hl2mp\/monstermaker.obj
         .\Debug_mod_hl2mp\/movehelper_server.obj
         .\Debug_mod_hl2mp\/movement.obj
         .\Debug_mod_hl2mp\/movevars_shared.obj
         .\Debug_mod_hl2mp\/mp_shareddefs.obj
         .\Debug_mod_hl2mp\/multiplay_gamerules.obj
         .\Debug_mod_hl2mp\/ndebugoverlay.obj
         .\Debug_mod_hl2mp\/networkvar.obj
         .\Debug_mod_hl2mp\/npc_vehicledriver.obj
         .\Debug_mod_hl2mp\/obstacle_pushaway.obj
         .\Debug_mod_hl2mp\/particle_light.obj
         .\Debug_mod_hl2mp\/particle_parse.obj
         .\Debug_mod_hl2mp\/particle_system.obj
         .\Debug_mod_hl2mp\/particlesystemquery.obj
         .\Debug_mod_hl2mp\/pathcorner.obj
         .\Debug_mod_hl2mp\/pathtrack.obj
         .\Debug_mod_hl2mp\/phys_controller.obj
         .\Debug_mod_hl2mp\/physconstraint.obj
         .\Debug_mod_hl2mp\/physics.obj
         .\Debug_mod_hl2mp\/physics_bone_follower.obj
         .\Debug_mod_hl2mp\/physics_cannister.obj
         .\Debug_mod_hl2mp\/physics_fx.obj
         .\Debug_mod_hl2mp\/physics_impact_damage.obj
         .\Debug_mod_hl2mp\/physics_main.obj
         .\Debug_mod_hl2mp\/physics_main_shared.obj
         .\Debug_mod_hl2mp\/physics_npc_solver.obj
         .\Debug_mod_hl2mp\/physics_prop_ragdoll.obj
         .\Debug_mod_hl2mp\/physics_saverestore.obj
         .\Debug_mod_hl2mp\/physics_shared.obj
         .\Debug_mod_hl2mp\/physobj.obj
         .\Debug_mod_hl2mp\/player.obj
         .\Debug_mod_hl2mp\/player_command.obj
         .\Debug_mod_hl2mp\/player_lagcompensation.obj
         .\Debug_mod_hl2mp\/player_pickup.obj
         .\Debug_mod_hl2mp\/player_resource.obj
         .\Debug_mod_hl2mp\/playerinfomanager.obj
         .\Debug_mod_hl2mp\/playerlocaldata.obj
         .\Debug_mod_hl2mp\/plugin_check.obj
         .\Debug_mod_hl2mp\/point_bonusmaps_accessor.obj
         .\Debug_mod_hl2mp\/point_camera.obj
         .\Debug_mod_hl2mp\/point_devshot_camera.obj
         .\Debug_mod_hl2mp\/point_playermoveconstraint.obj
         .\Debug_mod_hl2mp\/point_posecontroller.obj
         .\Debug_mod_hl2mp\/point_spotlight.obj
         .\Debug_mod_hl2mp\/point_template.obj
         .\Debug_mod_hl2mp\/pointanglesensor.obj
         .\Debug_mod_hl2mp\/PointAngularVelocitySensor.obj
         .\Debug_mod_hl2mp\/pointhurt.obj
         .\Debug_mod_hl2mp\/pointteleport.obj
         .\Debug_mod_hl2mp\/precache_register.obj
         .\Debug_mod_hl2mp\/predictableid.obj
         .\Debug_mod_hl2mp\/predicted_viewmodel.obj
         .\Debug_mod_hl2mp\/props.obj
         .\Debug_mod_hl2mp\/props_shared.obj
         .\Debug_mod_hl2mp\/querycache.obj
         .\Debug_mod_hl2mp\/ragdoll_manager.obj
         .\Debug_mod_hl2mp\/ragdoll_shared.obj
         .\Debug_mod_hl2mp\/RagdollBoogie.obj
         .\Debug_mod_hl2mp\/randoverride.obj
         .\Debug_mod_hl2mp\/recipientfilter.obj
         .\Debug_mod_hl2mp\/registry.obj
         .\Debug_mod_hl2mp\/rope.obj
         .\Debug_mod_hl2mp\/rope_helpers.obj
         .\Debug_mod_hl2mp\/rope_physics.obj
         .\Debug_mod_hl2mp\/saverestore.obj
         .\Debug_mod_hl2mp\/saverestore_gamedll.obj
         .\Debug_mod_hl2mp\/SceneCache.obj
         .\Debug_mod_hl2mp\/sceneentity.obj
         .\Debug_mod_hl2mp\/sceneentity_shared.obj
         .\Debug_mod_hl2mp\/scratchpad3d.obj
         .\Debug_mod_hl2mp\/scratchpad_gamedll_helpers.obj
         .\Debug_mod_hl2mp\/ScratchPadUtils.obj
         .\Debug_mod_hl2mp\/scripted.obj
         .\Debug_mod_hl2mp\/scriptedtarget.obj
         .\Debug_mod_hl2mp\/sendproxy.obj
         .\Debug_mod_hl2mp\/sequence_Transitioner.obj
         .\Debug_mod_hl2mp\/server_class.obj
         .\Debug_mod_hl2mp\/serverbenchmark_base.obj
         .\Debug_mod_hl2mp\/ServerNetworkProperty.obj
         .\Debug_mod_hl2mp\/shadowcontrol.obj
         .\Debug_mod_hl2mp\/sheetsimulator.obj
         .\Debug_mod_hl2mp\/simple_physics.obj
         .\Debug_mod_hl2mp\/simtimer.obj
         .\Debug_mod_hl2mp\/singleplay_gamerules.obj
         .\Debug_mod_hl2mp\/SkyCamera.obj
         .\Debug_mod_hl2mp\/slideshow_display.obj
         .\Debug_mod_hl2mp\/sound.obj
         .\Debug_mod_hl2mp\/SoundEmitterSystem.obj
         .\Debug_mod_hl2mp\/soundent.obj
         .\Debug_mod_hl2mp\/soundenvelope.obj
         .\Debug_mod_hl2mp\/SoundParametersInternal.obj
         .\Debug_mod_hl2mp\/soundscape.obj
         .\Debug_mod_hl2mp\/soundscape_system.obj
         .\Debug_mod_hl2mp\/spotlightend.obj
         .\Debug_mod_hl2mp\/Sprite.obj
         .\Debug_mod_hl2mp\/sprite_perfmonitor.obj
         .\Debug_mod_hl2mp\/stringregistry.obj
         .\Debug_mod_hl2mp\/studio.obj
         .\Debug_mod_hl2mp\/studio_shared.obj
         .\Debug_mod_hl2mp\/subs.obj
         .\Debug_mod_hl2mp\/sun.obj
         .\Debug_mod_hl2mp\/survival_gamerules.obj
         .\Debug_mod_hl2mp\/tactical_mission.obj
         .\Debug_mod_hl2mp\/takedamageinfo.obj
         .\Debug_mod_hl2mp\/tanktrain.obj
         .\Debug_mod_hl2mp\/team.obj
         .\Debug_mod_hl2mp\/team_control_point.obj
         .\Debug_mod_hl2mp\/team_control_point_master.obj
         .\Debug_mod_hl2mp\/team_control_point_round.obj
         .\Debug_mod_hl2mp\/team_objectiveresource.obj
         .\Debug_mod_hl2mp\/team_spawnpoint.obj
         .\Debug_mod_hl2mp\/team_train_watcher.obj
         .\Debug_mod_hl2mp\/teamplay_gamerules.obj
         .\Debug_mod_hl2mp\/teamplay_round_timer.obj
         .\Debug_mod_hl2mp\/teamplayroundbased_gamerules.obj
         .\Debug_mod_hl2mp\/TemplateEntities.obj
         .\Debug_mod_hl2mp\/tempmonster.obj
         .\Debug_mod_hl2mp\/tesla.obj
         .\Debug_mod_hl2mp\/test_ehandle.obj
         .\Debug_mod_hl2mp\/test_proxytoggle.obj
         .\Debug_mod_hl2mp\/test_stressentities.obj
         .\Debug_mod_hl2mp\/testfunctions.obj
         .\Debug_mod_hl2mp\/testtraceline.obj
         .\Debug_mod_hl2mp\/textstatsmgr.obj
         .\Debug_mod_hl2mp\/timedeventmgr.obj
         .\Debug_mod_hl2mp\/trains.obj
         .\Debug_mod_hl2mp\/trigger_area_capture.obj
         .\Debug_mod_hl2mp\/triggers.obj
         .\Debug_mod_hl2mp\/usercmd.obj
         .\Debug_mod_hl2mp\/util.obj
         .\Debug_mod_hl2mp\/util_shared.obj
         .\Debug_mod_hl2mp\/variant_t.obj
         .\Debug_mod_hl2mp\/vehicle_base.obj
         .\Debug_mod_hl2mp\/vehicle_baseserver.obj
         .\Debug_mod_hl2mp\/vehicle_viewblend_shared.obj
         .\Debug_mod_hl2mp\/vguiscreen.obj
         .\Debug_mod_hl2mp\/voice_gamemgr.obj
         .\Debug_mod_hl2mp\/vote_controller.obj
         .\Debug_mod_hl2mp\/waterbullet.obj
         .\Debug_mod_hl2mp\/WaterLODControl.obj
         .\Debug_mod_hl2mp\/wcedit.obj
         .\Debug_mod_hl2mp\/weapon_parse.obj
         .\Debug_mod_hl2mp\/weapon_proficiency.obj
         .\Debug_mod_hl2mp\/weight_button.obj
         .\Debug_mod_hl2mp\/world.obj
         .\Debug_mod_hl2mp\/ai_allymanager.obj
         .\Debug_mod_hl2mp\/ai_behavior_actbusy.obj
         .\Debug_mod_hl2mp\/ai_behavior_functank.obj
         .\Debug_mod_hl2mp\/ai_behavior_holster.obj
         .\Debug_mod_hl2mp\/ai_behavior_police.obj
         .\Debug_mod_hl2mp\/ai_goal_police.obj
         .\Debug_mod_hl2mp\/ai_spotlight.obj
         .\Debug_mod_hl2mp\/antlion_dust.obj
         .\Debug_mod_hl2mp\/antlion_maker.obj
         .\Debug_mod_hl2mp\/ar2_explosion.obj
         .\Debug_mod_hl2mp\/basebludgeonweapon.obj
         .\Debug_mod_hl2mp\/basehlcombatweapon.obj
         .\Debug_mod_hl2mp\/basehlcombatweapon_shared.obj
         .\Debug_mod_hl2mp\/cbasehelicopter.obj
         .\Debug_mod_hl2mp\/cbasespriteprojectile.obj
         .\Debug_mod_hl2mp\/citadel_effects.obj
         .\Debug_mod_hl2mp\/combine_mine.obj
         .\Debug_mod_hl2mp\/env_alyxemp.obj
         .\Debug_mod_hl2mp\/env_headcrabcanister.obj
         .\Debug_mod_hl2mp\/env_headcrabcanister_shared.obj
         .\Debug_mod_hl2mp\/env_speaker.obj
         .\Debug_mod_hl2mp\/env_starfield.obj
         .\Debug_mod_hl2mp\/func_recharge.obj
         .\Debug_mod_hl2mp\/func_tank.obj
         .\Debug_mod_hl2mp\/grenade_ar2.obj
         .\Debug_mod_hl2mp\/grenade_bugbait.obj
         .\Debug_mod_hl2mp\/grenade_frag.obj
         .\Debug_mod_hl2mp\/hl2_ai_network.obj
         .\Debug_mod_hl2mp\/hl2_eventlog.obj
         .\Debug_mod_hl2mp\/hl2_gamerules.obj
         .\Debug_mod_hl2mp\/hl2_player.obj
         .\Debug_mod_hl2mp\/hl2_playerlocaldata.obj
         .\Debug_mod_hl2mp\/hl2_triggers.obj
         .\Debug_mod_hl2mp\/hl2_usermessages.obj
         .\Debug_mod_hl2mp\/hl_gamemovement.obj
         .\Debug_mod_hl2mp\/hl_playermove.obj
         .\Debug_mod_hl2mp\/info_teleporter_countdown.obj
         .\Debug_mod_hl2mp\/item_ammo.obj
         .\Debug_mod_hl2mp\/item_battery.obj
         .\Debug_mod_hl2mp\/item_dynamic_resupply.obj
         .\Debug_mod_hl2mp\/item_healthkit.obj
         .\Debug_mod_hl2mp\/item_itemcrate.obj
         .\Debug_mod_hl2mp\/item_suit.obj
         .\Debug_mod_hl2mp\/look_door.obj
         .\Debug_mod_hl2mp\/monster_dummy.obj
         .\Debug_mod_hl2mp\/npc_alyx.obj
         .\Debug_mod_hl2mp\/npc_antlion.obj
         .\Debug_mod_hl2mp\/npc_antlionguard.obj
         .\Debug_mod_hl2mp\/npc_apcdriver.obj
         .\Debug_mod_hl2mp\/npc_attackchopper.obj
         .\Debug_mod_hl2mp\/npc_barnacle.obj
         .\Debug_mod_hl2mp\/npc_barney.obj
         .\Debug_mod_hl2mp\/npc_basescanner.obj
         .\Debug_mod_hl2mp\/npc_BaseZombie.obj
         .\Debug_mod_hl2mp\/npc_breen.obj
         .\Debug_mod_hl2mp\/npc_bullseye.obj
         .\Debug_mod_hl2mp\/npc_citizen17.obj
         .\Debug_mod_hl2mp\/npc_combine.obj
         .\Debug_mod_hl2mp\/npc_combinecamera.obj
         .\Debug_mod_hl2mp\/npc_combinedropship.obj
         .\Debug_mod_hl2mp\/npc_combinegunship.obj
         .\Debug_mod_hl2mp\/npc_combines.obj
         .\Debug_mod_hl2mp\/npc_cranedriver.obj
         .\Debug_mod_hl2mp\/npc_crow.obj
         .\Debug_mod_hl2mp\/npc_dog.obj
         .\Debug_mod_hl2mp\/npc_eli.obj
         .\Debug_mod_hl2mp\/npc_enemyfinder.obj
         .\Debug_mod_hl2mp\/npc_fisherman.obj
         .\Debug_mod_hl2mp\/npc_gman.obj
         .\Debug_mod_hl2mp\/npc_headcrab.obj
         .\Debug_mod_hl2mp\/npc_ichthyosaur.obj
         .\Debug_mod_hl2mp\/npc_kleiner.obj
         .\Debug_mod_hl2mp\/npc_launcher.obj
         .\Debug_mod_hl2mp\/npc_manhack.obj
         .\Debug_mod_hl2mp\/npc_metropolice.obj
         .\Debug_mod_hl2mp\/npc_monk.obj
         .\Debug_mod_hl2mp\/npc_mossman.obj
         .\Debug_mod_hl2mp\/npc_playercompanion.obj
         .\Debug_mod_hl2mp\/npc_PoisonZombie.obj
         .\Debug_mod_hl2mp\/npc_rollermine.obj
         .\Debug_mod_hl2mp\/npc_scanner.obj
         .\Debug_mod_hl2mp\/npc_stalker.obj
         .\Debug_mod_hl2mp\/npc_strider.obj
         .\Debug_mod_hl2mp\/npc_talker.obj
         .\Debug_mod_hl2mp\/npc_turret_ceiling.obj
         .\Debug_mod_hl2mp\/npc_turret_floor.obj
         .\Debug_mod_hl2mp\/npc_turret_ground.obj
         .\Debug_mod_hl2mp\/npc_vortigaunt_episodic.obj
         .\Debug_mod_hl2mp\/npc_zombie.obj
         .\Debug_mod_hl2mp\/point_apc_controller.obj
         .\Debug_mod_hl2mp\/prop_combine_ball.obj
         .\Debug_mod_hl2mp\/prop_thumper.obj
         .\Debug_mod_hl2mp\/proto_sniper.obj
         .\Debug_mod_hl2mp\/rotorwash.obj
         .\Debug_mod_hl2mp\/script_intro.obj
         .\Debug_mod_hl2mp\/script_intro_shared.obj
         .\Debug_mod_hl2mp\/vehicle_airboat.obj
         .\Debug_mod_hl2mp\/vehicle_crane.obj
         .\Debug_mod_hl2mp\/vehicle_prisoner_pod.obj
         .\Debug_mod_hl2mp\/vehicle_viewcontroller.obj
         .\Debug_mod_hl2mp\/weapon_annabelle.obj
         .\Debug_mod_hl2mp\/weapon_bugbait.obj
         .\Debug_mod_hl2mp\/weapon_cubemap.obj
         .\Debug_mod_hl2mp\/grenade_beam.obj
         .\Debug_mod_hl2mp\/grenade_homer.obj
         .\Debug_mod_hl2mp\/grenade_pathfollower.obj
         .\Debug_mod_hl2mp\/npc_missiledefense.obj
         .\Debug_mod_hl2mp\/vehicle_apc.obj
         .\Debug_mod_hl2mp\/weapon_cguard.obj
         .\Debug_mod_hl2mp\/weapon_flaregun.obj
         .\Debug_mod_hl2mp\/hl2mp_bot_temp.obj
         .\Debug_mod_hl2mp\/hl2mp_client.obj
         .\Debug_mod_hl2mp\/hl2mp_cvars.obj
         .\Debug_mod_hl2mp\/hl2mp_gameinterface.obj
         .\Debug_mod_hl2mp\/hl2mp_gamerules.obj
         .\Debug_mod_hl2mp\/hl2mp_player.obj
         .\Debug_mod_hl2mp\/hl2mp_player_shared.obj
         .\Debug_mod_hl2mp\/hl2mp_weapon_parse.obj
         .\Debug_mod_hl2mp\/grenade_satchel.obj
         .\Debug_mod_hl2mp\/grenade_tripmine.obj
         .\Debug_mod_hl2mp\/te_hl2mp_shotgun_shot.obj
         .\Debug_mod_hl2mp\/weapon_357.obj
         .\Debug_mod_hl2mp\/weapon_ar2.obj
         .\Debug_mod_hl2mp\/weapon_crossbow.obj
         .\Debug_mod_hl2mp\/weapon_crowbar.obj
         .\Debug_mod_hl2mp\/weapon_frag.obj
         .\Debug_mod_hl2mp\/weapon_hl2mpbase.obj
         .\Debug_mod_hl2mp\/weapon_hl2mpbase_machinegun.obj
         .\Debug_mod_hl2mp\/weapon_hl2mpbasebasebludgeon.obj
         .\Debug_mod_hl2mp\/weapon_hl2mpbasehlmpcombatweapon.obj
         .\Debug_mod_hl2mp\/weapon_physcannon.obj
         .\Debug_mod_hl2mp\/weapon_pistol.obj
         .\Debug_mod_hl2mp\/weapon_rpg.obj
         .\Debug_mod_hl2mp\/weapon_shotgun.obj
         .\Debug_mod_hl2mp\/weapon_slam.obj
         .\Debug_mod_hl2mp\/weapon_smg1.obj
         .\Debug_mod_hl2mp\/weapon_stunstick.obj
         .\Debug_mod_hl2mp\/nav_area.obj
         .\Debug_mod_hl2mp\/nav_colors.obj
         .\Debug_mod_hl2mp\/nav_edit.obj
         .\Debug_mod_hl2mp\/nav_entities.obj
         .\Debug_mod_hl2mp\/nav_file.obj
         .\Debug_mod_hl2mp\/nav_generate.obj
         .\Debug_mod_hl2mp\/nav_ladder.obj
         .\Debug_mod_hl2mp\/nav_merge.obj
         .\Debug_mod_hl2mp\/nav_mesh.obj
         .\Debug_mod_hl2mp\/nav_mesh_factory.obj
         .\Debug_mod_hl2mp\/nav_node.obj
         .\Debug_mod_hl2mp\/nav_simplify.obj
         .\Debug_mod_hl2mp\/stdafx.obj
         .\Debug_mod_hl2mp\/basetempentity.obj
         .\Debug_mod_hl2mp\/event_tempentity_tester.obj
         .\Debug_mod_hl2mp\/movie_explosion.obj
         .\Debug_mod_hl2mp\/particle_fire.obj
         .\Debug_mod_hl2mp\/particle_smokegrenade.obj
         .\Debug_mod_hl2mp\/plasma.obj
         .\Debug_mod_hl2mp\/smoke_trail.obj
         .\Debug_mod_hl2mp\/smokestack.obj
         .\Debug_mod_hl2mp\/SpriteTrail.obj
         .\Debug_mod_hl2mp\/steamjet.obj
         .\Debug_mod_hl2mp\/te.obj
         .\Debug_mod_hl2mp\/te_armorricochet.obj
         .\Debug_mod_hl2mp\/te_basebeam.obj
         .\Debug_mod_hl2mp\/te_beamentpoint.obj
         .\Debug_mod_hl2mp\/te_beaments.obj
         .\Debug_mod_hl2mp\/te_beamfollow.obj
         .\Debug_mod_hl2mp\/te_beamlaser.obj
         .\Debug_mod_hl2mp\/te_beampoints.obj
         .\Debug_mod_hl2mp\/te_beamring.obj
         .\Debug_mod_hl2mp\/te_beamringpoint.obj
         .\Debug_mod_hl2mp\/te_beamspline.obj
         .\Debug_mod_hl2mp\/te_bloodsprite.obj
         .\Debug_mod_hl2mp\/te_bloodstream.obj
         .\Debug_mod_hl2mp\/te_breakmodel.obj
         .\Debug_mod_hl2mp\/te_bspdecal.obj
         .\Debug_mod_hl2mp\/te_bubbles.obj
         .\Debug_mod_hl2mp\/te_bubbletrail.obj
         .\Debug_mod_hl2mp\/te_clientprojectile.obj
         .\Debug_mod_hl2mp\/te_decal.obj
         .\Debug_mod_hl2mp\/te_dynamiclight.obj
         .\Debug_mod_hl2mp\/te_effect_dispatch.obj
         .\Debug_mod_hl2mp\/te_energysplash.obj
         .\Debug_mod_hl2mp\/te_explosion.obj
         .\Debug_mod_hl2mp\/te_fizz.obj
         .\Debug_mod_hl2mp\/te_footprintdecal.obj
         .\Debug_mod_hl2mp\/te_gaussexplosion.obj
         .\Debug_mod_hl2mp\/te_glassshatter.obj
         .\Debug_mod_hl2mp\/te_glowsprite.obj
         .\Debug_mod_hl2mp\/te_impact.obj
         .\Debug_mod_hl2mp\/te_killplayerattachments.obj
         .\Debug_mod_hl2mp\/te_largefunnel.obj
         .\Debug_mod_hl2mp\/te_muzzleflash.obj
         .\Debug_mod_hl2mp\/te_particlesystem.obj
         .\Debug_mod_hl2mp\/te_physicsprop.obj
         .\Debug_mod_hl2mp\/te_playerdecal.obj
         .\Debug_mod_hl2mp\/te_projecteddecal.obj
         .\Debug_mod_hl2mp\/te_showline.obj
         .\Debug_mod_hl2mp\/te_smoke.obj
         .\Debug_mod_hl2mp\/te_sparks.obj
         .\Debug_mod_hl2mp\/te_sprite.obj
         .\Debug_mod_hl2mp\/te_spritespray.obj
         .\Debug_mod_hl2mp\/te_worlddecal.obj
         .\Debug_mod_hl2mp\/usermessages.obj
         .\Debug_mod_hl2mp\/entity_tools_server.obj
         .\Debug_mod_hl2mp\/toolframework_server.obj
         ..\..\lib\public\choreoobjects.lib
         ..\..\lib\public\dmxloader.lib
         ..\..\lib\public\libprotobuf.lib
         ..\..\lib\public\mathlib.lib
         ..\..\lib\public\particles.lib
         ..\..\lib\public\steam_api.lib
         ..\..\lib\public\tier0.lib
         ..\..\lib\public\tier1.lib
         ..\..\lib\public\tier2.lib
         ..\..\lib\public\tier3.lib
         ..\..\lib\public\vstdlib.lib
         server_hl2mp.vcxproj -> E:\Users\Desktop\myfirstmod\mp\src\game\server\.\Debug_mod_hl2mp\server.dll
       PostBuildEvent:
         if not exist "..\..\..\game\mod_hl2mp\bin\." mkdir "..\..\..\game\mod_hl2mp\bin\."
         copy "E:\Users\Desktop\myfirstmod\mp\src\game\server\Debug_mod_hl2mp\server.dll" "..\..\..\game\mod_hl2mp\bin\.\server.dll"
         if ERRORLEVEL 1 goto BuildEventFailed
         if exist "E:\Users\Desktop\myfirstmod\mp\src\game\server\Debug_mod_hl2mp\server.map" copy "E:\Users\Desktop\myfirstmod\mp\src\game\server\Debug_mod_hl2mp\server.map" ..\..\..\game\mod_hl2mp\bin\.\server.map
         copy "E:\Users\Desktop\myfirstmod\mp\src\game\server\Debug_mod_hl2mp\server.pdb" ..\..\..\game\mod_hl2mp\bin\.\server.pdb
         if ERRORLEVEL 1 goto BuildEventFailed
         goto BuildEventOK
         :BuildEventFailed
         echo *** ERROR! PostBuildStep FAILED for Server (HL2MP)! EXE or DLL is probably running. ***
         del /q "E:\Users\Desktop\myfirstmod\mp\src\game\server\Debug_mod_hl2mp\server.dll"
         exit 1
         :BuildEventOK
         
         :VCEnd
                 1 arquivo(s) copiado(s).
                 1 arquivo(s) copiado(s).
     1>Done Building Project "E:\Users\Desktop\myfirstmod\mp\src\game\server\server_hl2mp.vcxproj" (Build target(s)).

Build succeeded.

Time Elapsed 00:00:32.21
