Build started 24/12/2021 17:36:14.
     1>Project "E:\Users\Desktop\myfirstmod\mp\src\raytrace\raytrace.vcxproj" on node 5 (Build target(s)).
     1>PreBuildEvent:
         if EXIST ..\lib\public\.\raytrace.lib ( for /f "delims=" %%A in ('attrib "..\lib\public\.\raytrace.lib"') do set valveTmpIsReadOnly="%%A"
         ) else ( if not EXIST ..\lib\public\. mkdir ..\lib\public\. )
         set valveTmpIsReadOnlyLetter=%valveTmpIsReadOnly:~6,1%
         if "%valveTmpIsReadOnlyLetter%"=="R" (
             attrib -r ..\lib\public\.\raytrace.lib
             ..\devtools\bin\gnu\touch.exe -d "1999-01-01" ..\lib\public\.\raytrace.lib
             attrib +r ..\lib\public\.\raytrace.lib
         )
         if exist "..\devtools\bin\vpc.exe" "..\devtools\bin\vpc.exe" -crc2 "raytrace.vcxproj"
         if ERRORLEVEL 1 exit /b 1
         
         :VCEnd
       Lib:
         E:\Arquivos de Programas (x86)\Nova pasta\VC\bin\Lib.exe /OUT:"..\lib\public\.\raytrace.lib" /NOLOGO  /ignore:4221 .\Debug\.\/raytrace.obj
         .\Debug\.\/trace2.obj
         .\Debug\.\/trace3.obj
         raytrace.vcxproj -> E:\Users\Desktop\myfirstmod\mp\src\raytrace\..\lib\public\.\raytrace.lib
     1>Done Building Project "E:\Users\Desktop\myfirstmod\mp\src\raytrace\raytrace.vcxproj" (Build target(s)).

Build succeeded.

Time Elapsed 00:00:01.96
