Build started 24/12/2021 17:36:14.
     1>Project "E:\Users\Desktop\myfirstmod\mp\src\vgui2\vgui_controls\vgui_controls.vcxproj" on node 4 (Build target(s)).
     1>PreBuildEvent:
         if EXIST ..\..\lib\public\.\vgui_controls.lib ( for /f "delims=" %%A in ('attrib "..\..\lib\public\.\vgui_controls.lib"') do set valveTmpIsReadOnly="%%A"
         ) else ( if not EXIST ..\..\lib\public\. mkdir ..\..\lib\public\. )
         set valveTmpIsReadOnlyLetter=%valveTmpIsReadOnly:~6,1%
         if "%valveTmpIsReadOnlyLetter%"=="R" (
             attrib -r ..\..\lib\public\.\vgui_controls.lib
             ..\..\devtools\bin\gnu\touch.exe -d "1999-01-01" ..\..\lib\public\.\vgui_controls.lib
             attrib +r ..\..\lib\public\.\vgui_controls.lib
         )
         if exist "..\..\devtools\bin\vpc.exe" "..\..\devtools\bin\vpc.exe" -crc2 "vgui_controls.vcxproj"
         if ERRORLEVEL 1 exit /b 1
         
         :VCEnd
       ClCompile:
         E:\Arquivos de Programas (x86)\Nova pasta\VC\bin\CL.exe /c /I..\..\common /I..\..\public /I..\..\public\tier0 /I..\..\public\tier1 /Igenerated_proto /I"..\..\thirdparty\protobuf-2.3.0\src" /I..\..\thirdparty /I..\..\thirdparty\cef /Igenerated_proto /ZI /nologo /W4 /WX /MP /Od /Oy- /D VPC /D RAD_TELEMETRY_DISABLED /D _HAS_ITERATOR_DEBUGGING=0 /D WIN32 /D _WIN32 /D _DEBUG /D DEBUG /D _LIB /D _CRT_SECURE_NO_DEPRECATE /D _CRT_NONSTDC_NO_DEPRECATE /D _ALLOW_RUNTIME_LIBRARY_MISMATCH /D _ALLOW_ITERATOR_DEBUG_LEVEL_MISMATCH /D _ALLOW_MSC_VER_MISMATCH /D _USING_V110_SDK71_ /D _MBCS /D COMPILER_MSVC32 /D COMPILER_MSVC32 /D COMPILER_MSVC /D _DLL_EXT=.dll /D LIBNAME=vgui_controls /D BINK_VIDEO /D AVI_VIDEO /D WMV_VIDEO /D DEV_BUILD /D FRAME_POINTER_OMISSION_DISABLED /D _EXTERNAL_DLL_EXT=.dll /D VPCGAMECAPS=HL2MP /D PROJECTDIR=E:\Users\Desktop\myfirstmod\mp\src\vgui2\vgui_controls /D _DLL_EXT=.dll /D VPCGAME=hl2mp /D SOURCE1=1 /GF /Gm- /MTd /GS /arch:SSE /fp:fast /Zc:wchar_t /Zc:forScope /GR /openmp- /Fo".\Debug\.\/" /Fd".\Debug\.\/vc120.pdb" /Gd /TP /wd4316 /analyze- /FC /errorReport:prompt  /Gw /Zc:inline Panel.cpp
         Panel.cpp
       Lib:
         E:\Arquivos de Programas (x86)\Nova pasta\VC\bin\Lib.exe /OUT:"..\..\lib\public\.\vgui_controls.lib" /NOLOGO  /ignore:4221 .\Debug\.\/AnalogBar.obj
         .\Debug\.\/AnimatingImagePanel.obj
         .\Debug\.\/AnimationController.obj
         .\Debug\.\/BitmapImagePanel.obj
         .\Debug\.\/BuildFactoryHelper.obj
         .\Debug\.\/BuildGroup.obj
         .\Debug\.\/BuildModeDialog.obj
         .\Debug\.\/Button.obj
         .\Debug\.\/CheckButton.obj
         .\Debug\.\/CheckButtonList.obj
         .\Debug\.\/CircularProgressBar.obj
         .\Debug\.\/ComboBox.obj
         .\Debug\.\/consoledialog.obj
         .\Debug\.\/ControllerMap.obj
         .\Debug\.\/controls.obj
         .\Debug\.\/CvarToggleCheckButton.obj
         .\Debug\.\/DirectorySelectDialog.obj
         .\Debug\.\/Divider.obj
         .\Debug\.\/EditablePanel.obj
         .\Debug\.\/ExpandButton.obj
         .\Debug\.\/FileOpenDialog.obj
         .\Debug\.\/FileOpenStateMachine.obj
         .\Debug\.\/filesystem_helpers.obj
         .\Debug\.\/FocusNavGroup.obj
         .\Debug\.\/Frame.obj
         .\Debug\.\/GraphPanel.obj
         .\Debug\.\/HTML.obj
         .\Debug\.\/Image.obj
         .\Debug\.\/ImageList.obj
         .\Debug\.\/ImagePanel.obj
         .\Debug\.\/InputDialog.obj
         .\Debug\.\/KeyBindingHelpDialog.obj
         .\Debug\.\/KeyBoardEditorDialog.obj
         .\Debug\.\/KeyRepeat.obj
         .\Debug\.\/Label.obj
         .\Debug\.\/ListPanel.obj
         .\Debug\.\/ListViewPanel.obj
         .\Debug\.\/Menu.obj
         .\Debug\.\/MenuBar.obj
         .\Debug\.\/MenuButton.obj
         .\Debug\.\/MenuItem.obj
         .\Debug\.\/MessageBox.obj
         .\Debug\.\/MessageDialog.obj
         .\Debug\.\/Panel.obj
         .\Debug\.\/PanelListPanel.obj
         .\Debug\.\/PerforceFileExplorer.obj
         .\Debug\.\/PerforceFileList.obj
         .\Debug\.\/perforcefilelistframe.obj
         .\Debug\.\/ProgressBar.obj
         .\Debug\.\/ProgressBox.obj
         .\Debug\.\/PropertyDialog.obj
         .\Debug\.\/PropertyPage.obj
         .\Debug\.\/PropertySheet.obj
         .\Debug\.\/QueryBox.obj
         .\Debug\.\/RadioButton.obj
         .\Debug\.\/RichText.obj
         .\Debug\.\/RotatingProgressBar.obj
         .\Debug\.\/savedocumentquery.obj
         .\Debug\.\/ScalableImagePanel.obj
         .\Debug\.\/ScrollableEditablePanel.obj
         .\Debug\.\/ScrollBar.obj
         .\Debug\.\/ScrollBarSlider.obj
         .\Debug\.\/SectionedListPanel.obj
         .\Debug\.\/Slider.obj
         .\Debug\.\/Splitter.obj
         .\Debug\.\/subrectimage.obj
         .\Debug\.\/TextEntry.obj
         .\Debug\.\/TextImage.obj
         .\Debug\.\/ToggleButton.obj
         .\Debug\.\/Tooltip.obj
         .\Debug\.\/ToolWindow.obj
         .\Debug\.\/TreeView.obj
         .\Debug\.\/TreeViewListControl.obj
         .\Debug\.\/URLLabel.obj
         .\Debug\.\/vgui_key_translation.obj
         .\Debug\.\/WizardPanel.obj
         .\Debug\.\/WizardSubPanel.obj
         vgui_controls.vcxproj -> E:\Users\Desktop\myfirstmod\mp\src\vgui2\vgui_controls\..\..\lib\public\.\vgui_controls.lib
     1>Done Building Project "E:\Users\Desktop\myfirstmod\mp\src\vgui2\vgui_controls\vgui_controls.vcxproj" (Build target(s)).

Build succeeded.

Time Elapsed 00:00:11.26
