Build started 25/12/2021 18:54:34.
     1>Project "E:\Users\Desktop\myfirstmod\mp\src\game\client\client_hl2mp.vcxproj" on node 2 (Build target(s)).
     1>PreBuildEvent:
         if EXIST ..\..\..\game\mod_hl2mp\bin\.\client.dll for /f "delims=" %%A in ('attrib "..\..\..\game\mod_hl2mp\bin\.\client.dll"') do set valveTmpIsReadOnly="%%A"
         set valveTmpIsReadOnlyLetter=%valveTmpIsReadOnly:~6,1%
         if "%valveTmpIsReadOnlyLetter%"=="R" del /q "E:\Users\Desktop\myfirstmod\mp\src\game\client\Debug_mod_hl2mp\"client.dll
         if exist "..\..\devtools\bin\vpc.exe" "..\..\devtools\bin\vpc.exe" -crc2 "client_hl2mp.vcxproj"
         if ERRORLEVEL 1 exit /b 1
         
         :VCEnd
       ClCompile:
         E:\Arquivos de Programas (x86)\Nova pasta\VC\bin\CL.exe /c /I.\ /I..\..\common /I..\..\public /I..\..\public\tier0 /I..\..\public\tier1 /I..\..\game\client\generated_proto_mod_hl2mp /I"..\..\thirdparty\protobuf-2.3.0\src" /I..\..\vgui2\include /I..\..\vgui2\controls /I..\..\game\shared /I.\game_controls /I..\..\thirdparty\sixensesdk\include /Ihl2mp\ui /I.\hl2mp /I..\..\game\shared\hl2mp /I.\hl2 /I.\hl2\elements /I..\..\game\shared\hl2 /ZI /nologo /W4 /WX /MP /Od /Oy- /D VPC /D RAD_TELEMETRY_DISABLED /D _HAS_ITERATOR_DEBUGGING=0 /D WIN32 /D _WIN32 /D _DEBUG /D DEBUG /D _WINDOWS /D _USRDLL /D _CRT_SECURE_NO_DEPRECATE /D _CRT_NONSTDC_NO_DEPRECATE /D _ALLOW_RUNTIME_LIBRARY_MISMATCH /D _ALLOW_ITERATOR_DEBUG_LEVEL_MISMATCH /D _ALLOW_MSC_VER_MISMATCH /D _USING_V110_SDK71_ /D _WINDLL /D _MBCS /D COMPILER_MSVC32 /D COMPILER_MSVC32 /D COMPILER_MSVC /D _DLL_EXT=.dll /D DLLNAME=client /D BINK_VIDEO /D AVI_VIDEO /D WMV_VIDEO /D DEV_BUILD /D FRAME_POINTER_OMISSION_DISABLED /D NO_STRING_T /D CLIENT_DLL /D VECTOR /D VERSION_SAFE_STEAM_API_INTERFACES /D PROTECTED_THINGS_ENABLE /D strncpy=use_Q_strncpy_instead /D _snprintf=use_Q_snprintf_instead /D fopen=dont_use_fopen /D HL2MP /D HL2_CLIENT_DLL /D _EXTERNAL_DLL_EXT=.dll /D VPCGAMECAPS=HL2MP /D PROJECTDIR=E:\Users\Desktop\myfirstmod\mp\src\game\client /D _DLL_EXT=.dll /D SOURCE1=1 /D VPCGAME=hl2mp /GF /Gm- /MTd /GS /arch:SSE /fp:fast /Zc:wchar_t /Zc:forScope /GR /Yu"cbase.h" /Fp".\Debug_mod_hl2mp\/client.pch" /Fo".\Debug_mod_hl2mp\/" /Fd".\Debug_mod_hl2mp\/vc120.pdb" /Gd /TP /wd4316 /analyze- /FC /errorReport:prompt /Zm200 /Gw /Zc:inline ..\..\game\shared\gamerules.cpp
         gamerules.cpp
       Link:
         E:\Arquivos de Programas (x86)\Nova pasta\VC\bin\link.exe /ERRORREPORT:PROMPT /OUT:".\Debug_mod_hl2mp\\client.dll" /INCREMENTAL /NOLOGO /LIBPATH:..\..\lib\common\. /LIBPATH:..\..\lib\public\. shell32.lib user32.lib advapi32.lib gdi32.lib comdlg32.lib ole32.lib winmm.lib /NODEFAULTLIB:libc /NODEFAULTLIB:libcd /NODEFAULTLIB:libcmt /NODEFAULTLIB:libcpmt /NODEFAULTLIB:libcpmt1 /MANIFEST:NO /DEBUG /PDB:".\Debug_mod_hl2mp\/client.pdb" /SUBSYSTEM:WINDOWS,"5.01" /TLBID:1 /DYNAMICBASE:NO /NXCOMPAT /MACHINE:X86 /SAFESEH:NO  /ignore:4221 /DLL .\Debug_mod_hl2mp\\pointeroverride.obj
         .\Debug_mod_hl2mp\/mp3player.obj
         .\Debug_mod_hl2mp\/cdll_replay.obj
         .\Debug_mod_hl2mp\/replaycamera.obj
         .\Debug_mod_hl2mp\/achievement_notification_panel.obj
         .\Debug_mod_hl2mp\/achievement_saverestore.obj
         .\Debug_mod_hl2mp\/achievementmgr.obj
         .\Debug_mod_hl2mp\/achievements_hlx.obj
         .\Debug_mod_hl2mp\/activitylist.obj
         .\Debug_mod_hl2mp\/alphamaterialproxy.obj
         .\Debug_mod_hl2mp\/ammodef.obj
         .\Debug_mod_hl2mp\/animatedentitytextureproxy.obj
         .\Debug_mod_hl2mp\/animatedoffsettextureproxy.obj
         .\Debug_mod_hl2mp\/animatedtextureproxy.obj
         .\Debug_mod_hl2mp\/AnimateSpecificTextureProxy.obj
         .\Debug_mod_hl2mp\/animation.obj
         .\Debug_mod_hl2mp\/base_playeranimstate.obj
         .\Debug_mod_hl2mp\/baseachievement.obj
         .\Debug_mod_hl2mp\/baseanimatedtextureproxy.obj
         .\Debug_mod_hl2mp\/baseclientrendertargets.obj
         .\Debug_mod_hl2mp\/basecombatcharacter_shared.obj
         .\Debug_mod_hl2mp\/basecombatweapon_shared.obj
         .\Debug_mod_hl2mp\/baseentity_shared.obj
         .\Debug_mod_hl2mp\/basegrenade_shared.obj
         .\Debug_mod_hl2mp\/baseparticleentity.obj
         .\Debug_mod_hl2mp\/baseplayer_shared.obj
         .\Debug_mod_hl2mp\/basepresence.obj
         .\Debug_mod_hl2mp\/baseprojectile.obj
         .\Debug_mod_hl2mp\/baseviewmodel_shared.obj
         .\Debug_mod_hl2mp\/beam_shared.obj
         .\Debug_mod_hl2mp\/beamdraw.obj
         .\Debug_mod_hl2mp\/bone_accessor.obj
         .\Debug_mod_hl2mp\/bone_merge_cache.obj
         .\Debug_mod_hl2mp\/bone_setup.obj
         .\Debug_mod_hl2mp\/c_ai_basehumanoid.obj
         .\Debug_mod_hl2mp\/c_ai_basenpc.obj
         .\Debug_mod_hl2mp\/c_baseanimating.obj
         .\Debug_mod_hl2mp\/c_baseanimatingoverlay.obj
         .\Debug_mod_hl2mp\/c_basecombatcharacter.obj
         .\Debug_mod_hl2mp\/c_basecombatweapon.obj
         .\Debug_mod_hl2mp\/c_basedoor.obj
         .\Debug_mod_hl2mp\/c_baseentity.obj
         .\Debug_mod_hl2mp\/c_baseflex.obj
         .\Debug_mod_hl2mp\/c_baseplayer.obj
         .\Debug_mod_hl2mp\/c_baseviewmodel.obj
         .\Debug_mod_hl2mp\/c_breakableprop.obj
         .\Debug_mod_hl2mp\/c_colorcorrection.obj
         .\Debug_mod_hl2mp\/c_colorcorrectionvolume.obj
         .\Debug_mod_hl2mp\/c_dynamiclight.obj
         .\Debug_mod_hl2mp\/c_entitydissolve.obj
         .\Debug_mod_hl2mp\/c_entityparticletrail.obj
         .\Debug_mod_hl2mp\/c_env_fog_controller.obj
         .\Debug_mod_hl2mp\/c_env_particlescript.obj
         .\Debug_mod_hl2mp\/c_env_projectedtexture.obj
         .\Debug_mod_hl2mp\/c_env_screenoverlay.obj
         .\Debug_mod_hl2mp\/c_env_tonemap_controller.obj
         .\Debug_mod_hl2mp\/c_fire_smoke.obj
         .\Debug_mod_hl2mp\/c_fish.obj
         .\Debug_mod_hl2mp\/c_func_areaportalwindow.obj
         .\Debug_mod_hl2mp\/c_func_breakablesurf.obj
         .\Debug_mod_hl2mp\/c_func_conveyor.obj
         .\Debug_mod_hl2mp\/c_func_dust.obj
         .\Debug_mod_hl2mp\/c_func_lod.obj
         .\Debug_mod_hl2mp\/C_Func_Monitor.obj
         .\Debug_mod_hl2mp\/c_func_occluder.obj
         .\Debug_mod_hl2mp\/c_func_reflective_glass.obj
         .\Debug_mod_hl2mp\/c_func_rotating.obj
         .\Debug_mod_hl2mp\/c_func_smokevolume.obj
         .\Debug_mod_hl2mp\/c_func_tracktrain.obj
         .\Debug_mod_hl2mp\/c_gib.obj
         .\Debug_mod_hl2mp\/c_hairball.obj
         .\Debug_mod_hl2mp\/c_info_overlay_accessor.obj
         .\Debug_mod_hl2mp\/c_lightglow.obj
         .\Debug_mod_hl2mp\/C_MaterialModifyControl.obj
         .\Debug_mod_hl2mp\/c_particle_system.obj
         .\Debug_mod_hl2mp\/c_physbox.obj
         .\Debug_mod_hl2mp\/c_physicsprop.obj
         .\Debug_mod_hl2mp\/c_physmagnet.obj
         .\Debug_mod_hl2mp\/c_pixel_visibility.obj
         .\Debug_mod_hl2mp\/c_plasma.obj
         .\Debug_mod_hl2mp\/c_playerresource.obj
         .\Debug_mod_hl2mp\/c_point_camera.obj
         .\Debug_mod_hl2mp\/c_point_commentary_node.obj
         .\Debug_mod_hl2mp\/c_props.obj
         .\Debug_mod_hl2mp\/c_ragdoll_manager.obj
         .\Debug_mod_hl2mp\/c_rope.obj
         .\Debug_mod_hl2mp\/c_rumble.obj
         .\Debug_mod_hl2mp\/c_sceneentity.obj
         .\Debug_mod_hl2mp\/c_shadowcontrol.obj
         .\Debug_mod_hl2mp\/c_slideshow_display.obj
         .\Debug_mod_hl2mp\/c_soundscape.obj
         .\Debug_mod_hl2mp\/c_spotlight_end.obj
         .\Debug_mod_hl2mp\/c_sprite.obj
         .\Debug_mod_hl2mp\/c_sprite_perfmonitor.obj
         .\Debug_mod_hl2mp\/c_sun.obj
         .\Debug_mod_hl2mp\/c_team.obj
         .\Debug_mod_hl2mp\/c_team_objectiveresource.obj
         .\Debug_mod_hl2mp\/c_team_train_watcher.obj
         .\Debug_mod_hl2mp\/c_tesla.obj
         .\Debug_mod_hl2mp\/c_test_proxytoggle.obj
         .\Debug_mod_hl2mp\/c_user_message_register.obj
         .\Debug_mod_hl2mp\/c_vehicle_choreo_generic.obj
         .\Debug_mod_hl2mp\/c_vehicle_jeep.obj
         .\Debug_mod_hl2mp\/c_vguiscreen.obj
         .\Debug_mod_hl2mp\/c_vote_controller.obj
         .\Debug_mod_hl2mp\/c_waterbullet.obj
         .\Debug_mod_hl2mp\/C_WaterLODControl.obj
         .\Debug_mod_hl2mp\/c_world.obj
         .\Debug_mod_hl2mp\/cam_thirdperson.obj
         .\Debug_mod_hl2mp\/camomaterialproxy.obj
         .\Debug_mod_hl2mp\/cdll_bounded_cvars.obj
         .\Debug_mod_hl2mp\/cdll_client_int.obj
         .\Debug_mod_hl2mp\/cdll_util.obj
         .\Debug_mod_hl2mp\/cl_mat_stub.obj
         .\Debug_mod_hl2mp\/classmap.obj
         .\Debug_mod_hl2mp\/client_class.obj
         .\Debug_mod_hl2mp\/client_factorylist.obj
         .\Debug_mod_hl2mp\/client_thinklist.obj
         .\Debug_mod_hl2mp\/client_virtualreality.obj
         .\Debug_mod_hl2mp\/clienteffectprecachesystem.obj
         .\Debug_mod_hl2mp\/cliententitylist.obj
         .\Debug_mod_hl2mp\/clientleafsystem.obj
         .\Debug_mod_hl2mp\/clientmode_shared.obj
         .\Debug_mod_hl2mp\/clientshadowmgr.obj
         .\Debug_mod_hl2mp\/clientsideeffects.obj
         .\Debug_mod_hl2mp\/clientsideeffects_test.obj
         .\Debug_mod_hl2mp\/clientsteamcontext.obj
         .\Debug_mod_hl2mp\/collisionproperty.obj
         .\Debug_mod_hl2mp\/collisionutils.obj
         .\Debug_mod_hl2mp\/colorcorrectionmgr.obj
         .\Debug_mod_hl2mp\/commentary_modelviewer.obj
         .\Debug_mod_hl2mp\/compiledcaptionswap.obj
         .\Debug_mod_hl2mp\/crtmemdebug.obj
         .\Debug_mod_hl2mp\/death_pose.obj
         .\Debug_mod_hl2mp\/debugoverlay_shared.obj
         .\Debug_mod_hl2mp\/decals.obj
         .\Debug_mod_hl2mp\/detailobjectsystem.obj
         .\Debug_mod_hl2mp\/dt_recv.obj
         .\Debug_mod_hl2mp\/dt_utlvector_common.obj
         .\Debug_mod_hl2mp\/dt_utlvector_recv.obj
         .\Debug_mod_hl2mp\/dummyproxy.obj
         .\Debug_mod_hl2mp\/effect_dispatch_data.obj
         .\Debug_mod_hl2mp\/EffectsClient.obj
         .\Debug_mod_hl2mp\/ehandle.obj
         .\Debug_mod_hl2mp\/entitylist_base.obj
         .\Debug_mod_hl2mp\/entityoriginmaterialproxy.obj
         .\Debug_mod_hl2mp\/EntityParticleTrail_Shared.obj
         .\Debug_mod_hl2mp\/env_detail_controller.obj
         .\Debug_mod_hl2mp\/env_wind_shared.obj
         .\Debug_mod_hl2mp\/eventlist.obj
         .\Debug_mod_hl2mp\/filesystem_helpers.obj
         .\Debug_mod_hl2mp\/flashlighteffect.obj
         .\Debug_mod_hl2mp\/func_ladder.obj
         .\Debug_mod_hl2mp\/functionproxy.obj
         .\Debug_mod_hl2mp\/fx_blood.obj
         .\Debug_mod_hl2mp\/fx_cube.obj
         .\Debug_mod_hl2mp\/fx_explosion.obj
         .\Debug_mod_hl2mp\/fx_fleck.obj
         .\Debug_mod_hl2mp\/fx_impact.obj
         .\Debug_mod_hl2mp\/fx_interpvalue.obj
         .\Debug_mod_hl2mp\/fx_quad.obj
         .\Debug_mod_hl2mp\/fx_shelleject.obj
         .\Debug_mod_hl2mp\/fx_staticline.obj
         .\Debug_mod_hl2mp\/fx_tracer.obj
         .\Debug_mod_hl2mp\/fx_trail.obj
         .\Debug_mod_hl2mp\/fx_water.obj
         .\Debug_mod_hl2mp\/gamemovement.obj
         .\Debug_mod_hl2mp\/gamerules.obj
         .\Debug_mod_hl2mp\/gamerules_register.obj
         .\Debug_mod_hl2mp\/GameStats.obj
         .\Debug_mod_hl2mp\/gamestringpool.obj
         .\Debug_mod_hl2mp\/gametrace_client.obj
         .\Debug_mod_hl2mp\/gamevars_shared.obj
         .\Debug_mod_hl2mp\/geiger.obj
         .\Debug_mod_hl2mp\/glow_outline_effect.obj
         .\Debug_mod_hl2mp\/glow_overlay.obj
         .\Debug_mod_hl2mp\/haptic_msgs.obj
         .\Debug_mod_hl2mp\/haptic_utils.obj
         .\Debug_mod_hl2mp\/hintmessage.obj
         .\Debug_mod_hl2mp\/hintsystem.obj
         .\Debug_mod_hl2mp\/history_resource.obj
         .\Debug_mod_hl2mp\/hltvcamera.obj
         .\Debug_mod_hl2mp\/hud.obj
         .\Debug_mod_hl2mp\/hud_animationinfo.obj
         .\Debug_mod_hl2mp\/hud_autoaim.obj
         .\Debug_mod_hl2mp\/hud_basechat.obj
         .\Debug_mod_hl2mp\/hud_basetimer.obj
         .\Debug_mod_hl2mp\/hud_bitmapnumericdisplay.obj
         .\Debug_mod_hl2mp\/hud_closecaption.obj
         .\Debug_mod_hl2mp\/hud_crosshair.obj
         .\Debug_mod_hl2mp\/hud_element_helper.obj
         .\Debug_mod_hl2mp\/hud_filmdemo.obj
         .\Debug_mod_hl2mp\/hud_hdrdemo.obj
         .\Debug_mod_hl2mp\/hud_hintdisplay.obj
         .\Debug_mod_hl2mp\/hud_lcd.obj
         .\Debug_mod_hl2mp\/hud_msg.obj
         .\Debug_mod_hl2mp\/hud_numericdisplay.obj
         .\Debug_mod_hl2mp\/hud_pdump.obj
         .\Debug_mod_hl2mp\/hud_redraw.obj
         .\Debug_mod_hl2mp\/hud_vehicle.obj
         .\Debug_mod_hl2mp\/hud_voicestatus.obj
         .\Debug_mod_hl2mp\/hud_weapon.obj
         .\Debug_mod_hl2mp\/igamesystem.obj
         .\Debug_mod_hl2mp\/in_camera.obj
         .\Debug_mod_hl2mp\/in_joystick.obj
         .\Debug_mod_hl2mp\/in_main.obj
         .\Debug_mod_hl2mp\/in_mouse.obj
         .\Debug_mod_hl2mp\/initializer.obj
         .\Debug_mod_hl2mp\/interpolatedvar.obj
         .\Debug_mod_hl2mp\/interpolatortypes.obj
         .\Debug_mod_hl2mp\/interval.obj
         .\Debug_mod_hl2mp\/IsNPCProxy.obj
         .\Debug_mod_hl2mp\/jigglebones.obj
         .\Debug_mod_hl2mp\/lampbeamproxy.obj
         .\Debug_mod_hl2mp\/lamphaloproxy.obj
         .\Debug_mod_hl2mp\/language.obj
         .\Debug_mod_hl2mp\/mapentities_shared.obj
         .\Debug_mod_hl2mp\/mathproxy.obj
         .\Debug_mod_hl2mp\/matrixproxy.obj
         .\Debug_mod_hl2mp\/memoverride.obj
         .\Debug_mod_hl2mp\/menu.obj
         .\Debug_mod_hl2mp\/message.obj
         .\Debug_mod_hl2mp\/movehelper_client.obj
         .\Debug_mod_hl2mp\/movevars_shared.obj
         .\Debug_mod_hl2mp\/mp_shareddefs.obj
         .\Debug_mod_hl2mp\/multiplay_gamerules.obj
         .\Debug_mod_hl2mp\/mumble.obj
         .\Debug_mod_hl2mp\/networkvar.obj
         .\Debug_mod_hl2mp\/obstacle_pushaway.obj
         .\Debug_mod_hl2mp\/panelmetaclassmgr.obj
         .\Debug_mod_hl2mp\/particle_collision.obj
         .\Debug_mod_hl2mp\/particle_litsmokeemitter.obj
         .\Debug_mod_hl2mp\/particle_parse.obj
         .\Debug_mod_hl2mp\/particle_property.obj
         .\Debug_mod_hl2mp\/particle_proxies.obj
         .\Debug_mod_hl2mp\/particle_simple3d.obj
         .\Debug_mod_hl2mp\/particlemgr.obj
         .\Debug_mod_hl2mp\/particles_attractor.obj
         .\Debug_mod_hl2mp\/particles_ez.obj
         .\Debug_mod_hl2mp\/particles_localspace.obj
         .\Debug_mod_hl2mp\/particles_new.obj
         .\Debug_mod_hl2mp\/particles_simple.obj
         .\Debug_mod_hl2mp\/particlesystemquery.obj
         .\Debug_mod_hl2mp\/perfvisualbenchmark.obj
         .\Debug_mod_hl2mp\/physics.obj
         .\Debug_mod_hl2mp\/physics_main_client.obj
         .\Debug_mod_hl2mp\/physics_main_shared.obj
         .\Debug_mod_hl2mp\/physics_saverestore.obj
         .\Debug_mod_hl2mp\/physics_shared.obj
         .\Debug_mod_hl2mp\/physpropclientside.obj
         .\Debug_mod_hl2mp\/playerandobjectenumerator.obj
         .\Debug_mod_hl2mp\/playerspawncache.obj
         .\Debug_mod_hl2mp\/point_bonusmaps_accessor.obj
         .\Debug_mod_hl2mp\/point_posecontroller.obj
         .\Debug_mod_hl2mp\/posedebugger.obj
         .\Debug_mod_hl2mp\/precache_register.obj
         .\Debug_mod_hl2mp\/predictableid.obj
         .\Debug_mod_hl2mp\/predicted_viewmodel.obj
         .\Debug_mod_hl2mp\/prediction.obj
         .\Debug_mod_hl2mp\/predictioncopy.obj
         .\Debug_mod_hl2mp\/props_shared.obj
         .\Debug_mod_hl2mp\/proxyentity.obj
         .\Debug_mod_hl2mp\/ProxyHealth.obj
         .\Debug_mod_hl2mp\/proxyplayer.obj
         .\Debug_mod_hl2mp\/proxypupil.obj
         .\Debug_mod_hl2mp\/ragdoll.obj
         .\Debug_mod_hl2mp\/ragdoll_shared.obj
         .\Debug_mod_hl2mp\/randoverride.obj
         .\Debug_mod_hl2mp\/recvproxy.obj
         .\Debug_mod_hl2mp\/renamed_recvtable_compat.obj
         .\Debug_mod_hl2mp\/rendertexture.obj
         .\Debug_mod_hl2mp\/rope_helpers.obj
         .\Debug_mod_hl2mp\/rope_physics.obj
         .\Debug_mod_hl2mp\/saverestore.obj
         .\Debug_mod_hl2mp\/sceneentity_shared.obj
         .\Debug_mod_hl2mp\/scratchpad3d.obj
         .\Debug_mod_hl2mp\/ScratchPadUtils.obj
         .\Debug_mod_hl2mp\/ScreenSpaceEffects.obj
         .\Debug_mod_hl2mp\/sentence.obj
         .\Debug_mod_hl2mp\/sequence_Transitioner.obj
         .\Debug_mod_hl2mp\/sheetsimulator.obj
         .\Debug_mod_hl2mp\/simple_keys.obj
         .\Debug_mod_hl2mp\/simple_physics.obj
         .\Debug_mod_hl2mp\/simtimer.obj
         .\Debug_mod_hl2mp\/singleplay_gamerules.obj
         .\Debug_mod_hl2mp\/SoundEmitterSystem.obj
         .\Debug_mod_hl2mp\/soundenvelope.obj
         .\Debug_mod_hl2mp\/SoundParametersInternal.obj
         .\Debug_mod_hl2mp\/splinepatch.obj
         .\Debug_mod_hl2mp\/Sprite.obj
         .\Debug_mod_hl2mp\/spritemodel.obj
         .\Debug_mod_hl2mp\/SpriteTrail.obj
         .\Debug_mod_hl2mp\/stringregistry.obj
         .\Debug_mod_hl2mp\/studio.obj
         .\Debug_mod_hl2mp\/studio_shared.obj
         .\Debug_mod_hl2mp\/studio_stats.obj
         .\Debug_mod_hl2mp\/takedamageinfo.obj
         .\Debug_mod_hl2mp\/teamplay_gamerules.obj
         .\Debug_mod_hl2mp\/teamplay_round_timer.obj
         .\Debug_mod_hl2mp\/teamplayroundbased_gamerules.obj
         .\Debug_mod_hl2mp\/test_ehandle.obj
         .\Debug_mod_hl2mp\/text_message.obj
         .\Debug_mod_hl2mp\/texturescrollmaterialproxy.obj
         .\Debug_mod_hl2mp\/timematerialproxy.obj
         .\Debug_mod_hl2mp\/toggletextureproxy.obj
         .\Debug_mod_hl2mp\/train.obj
         .\Debug_mod_hl2mp\/usercmd.obj
         .\Debug_mod_hl2mp\/usermessages.obj
         .\Debug_mod_hl2mp\/util_shared.obj
         .\Debug_mod_hl2mp\/vallocator.obj
         .\Debug_mod_hl2mp\/vehicle_viewblend_shared.obj
         .\Debug_mod_hl2mp\/vgui_avatarimage.obj
         .\Debug_mod_hl2mp\/vgui_basepanel.obj
         .\Debug_mod_hl2mp\/vgui_bitmapbutton.obj
         .\Debug_mod_hl2mp\/vgui_bitmapimage.obj
         .\Debug_mod_hl2mp\/vgui_bitmappanel.obj
         .\Debug_mod_hl2mp\/vgui_centerstringpanel.obj
         .\Debug_mod_hl2mp\/vgui_consolepanel.obj
         .\Debug_mod_hl2mp\/vgui_controls.obj
         .\Debug_mod_hl2mp\/vgui_debugoverlaypanel.obj
         .\Debug_mod_hl2mp\/vgui_fpspanel.obj
         .\Debug_mod_hl2mp\/vgui_game_viewport.obj
         .\Debug_mod_hl2mp\/vgui_grid.obj
         .\Debug_mod_hl2mp\/vgui_int.obj
         .\Debug_mod_hl2mp\/vgui_loadingdiscpanel.obj
         .\Debug_mod_hl2mp\/vgui_messagechars.obj
         .\Debug_mod_hl2mp\/vgui_netgraphpanel.obj
         .\Debug_mod_hl2mp\/vgui_schemevisualizer.obj
         .\Debug_mod_hl2mp\/vgui_slideshow_display_screen.obj
         .\Debug_mod_hl2mp\/vgui_video.obj
         .\Debug_mod_hl2mp\/vgui_video_player.obj
         .\Debug_mod_hl2mp\/view.obj
         .\Debug_mod_hl2mp\/view_beams.obj
         .\Debug_mod_hl2mp\/view_effects.obj
         .\Debug_mod_hl2mp\/view_scene.obj
         .\Debug_mod_hl2mp\/viewangleanim.obj
         .\Debug_mod_hl2mp\/ViewConeImage.obj
         .\Debug_mod_hl2mp\/viewdebug.obj
         .\Debug_mod_hl2mp\/viewpostprocess.obj
         .\Debug_mod_hl2mp\/viewrender.obj
         .\Debug_mod_hl2mp\/voice_banmgr.obj
         .\Debug_mod_hl2mp\/voice_status.obj
         .\Debug_mod_hl2mp\/warp_overlay.obj
         .\Debug_mod_hl2mp\/WaterLODMaterialProxy.obj
         .\Debug_mod_hl2mp\/weapon_parse.obj
         .\Debug_mod_hl2mp\/weapon_selection.obj
         .\Debug_mod_hl2mp\/weapons_resource.obj
         .\Debug_mod_hl2mp\/WorldDimsProxy.obj
         .\Debug_mod_hl2mp\/basemodel_panel.obj
         .\Debug_mod_hl2mp\/basemodelpanel.obj
         .\Debug_mod_hl2mp\/baseviewport.obj
         .\Debug_mod_hl2mp\/ClientScoreBoardDialog.obj
         .\Debug_mod_hl2mp\/commandmenu.obj
         .\Debug_mod_hl2mp\/IconPanel.obj
         .\Debug_mod_hl2mp\/intromenu.obj
         .\Debug_mod_hl2mp\/MapOverview.obj
         .\Debug_mod_hl2mp\/NavProgress.obj
         .\Debug_mod_hl2mp\/SpectatorGUI.obj
         .\Debug_mod_hl2mp\/teammenu.obj
         .\Debug_mod_hl2mp\/vguitextwindow.obj
         .\Debug_mod_hl2mp\/basehlcombatweapon_shared.obj
         .\Debug_mod_hl2mp\/c_antlion_dust.obj
         .\Debug_mod_hl2mp\/c_ar2_explosion.obj
         .\Debug_mod_hl2mp\/c_barnacle.obj
         .\Debug_mod_hl2mp\/c_barney.obj
         .\Debug_mod_hl2mp\/c_basehelicopter.obj
         .\Debug_mod_hl2mp\/c_basehlcombatweapon.obj
         .\Debug_mod_hl2mp\/c_basehlplayer.obj
         .\Debug_mod_hl2mp\/c_citadel_effects.obj
         .\Debug_mod_hl2mp\/c_corpse.obj
         .\Debug_mod_hl2mp\/c_env_alyxtemp.obj
         .\Debug_mod_hl2mp\/c_env_headcrabcanister.obj
         .\Debug_mod_hl2mp\/c_env_starfield.obj
         .\Debug_mod_hl2mp\/c_func_tankmortar.obj
         .\Debug_mod_hl2mp\/c_hl2_playerlocaldata.obj
         .\Debug_mod_hl2mp\/c_info_teleporter_countdown.obj
         .\Debug_mod_hl2mp\/c_npc_antlionguard.obj
         .\Debug_mod_hl2mp\/c_npc_combinegunship.obj
         .\Debug_mod_hl2mp\/c_npc_manhack.obj
         .\Debug_mod_hl2mp\/c_npc_rollermine.obj
         .\Debug_mod_hl2mp\/c_plasma_beam_node.obj
         .\Debug_mod_hl2mp\/c_prop_combine_ball.obj
         .\Debug_mod_hl2mp\/c_rotorwash.obj
         .\Debug_mod_hl2mp\/c_script_intro.obj
         .\Debug_mod_hl2mp\/c_strider.obj
         .\Debug_mod_hl2mp\/c_te_concussiveexplosion.obj
         .\Debug_mod_hl2mp\/c_te_flare.obj
         .\Debug_mod_hl2mp\/c_thumper_dust.obj
         .\Debug_mod_hl2mp\/c_vehicle_airboat.obj
         .\Debug_mod_hl2mp\/c_vehicle_cannon.obj
         .\Debug_mod_hl2mp\/c_vehicle_crane.obj
         .\Debug_mod_hl2mp\/c_vehicle_prisoner_pod.obj
         .\Debug_mod_hl2mp\/c_vort_charge_token.obj
         .\Debug_mod_hl2mp\/c_weapon__stubs_hl2.obj
         .\Debug_mod_hl2mp\/c_weapon_crossbow.obj
         .\Debug_mod_hl2mp\/env_headcrabcanister_shared.obj
         .\Debug_mod_hl2mp\/fx_antlion.obj
         .\Debug_mod_hl2mp\/fx_bugbait.obj
         .\Debug_mod_hl2mp\/fx_hl2_impacts.obj
         .\Debug_mod_hl2mp\/fx_hl2_tracers.obj
         .\Debug_mod_hl2mp\/hl2_clientmode.obj
         .\Debug_mod_hl2mp\/hl2_gamerules.obj
         .\Debug_mod_hl2mp\/hl2_usermessages.obj
         .\Debug_mod_hl2mp\/hl_gamemovement.obj
         .\Debug_mod_hl2mp\/hl_in_main.obj
         .\Debug_mod_hl2mp\/hl_prediction.obj
         .\Debug_mod_hl2mp\/hud_ammo.obj
         .\Debug_mod_hl2mp\/hud_battery.obj
         .\Debug_mod_hl2mp\/hud_blood.obj
         .\Debug_mod_hl2mp\/hud_credits.obj
         .\Debug_mod_hl2mp\/hud_damageindicator.obj
         .\Debug_mod_hl2mp\/hud_flashlight.obj
         .\Debug_mod_hl2mp\/hud_health.obj
         .\Debug_mod_hl2mp\/hud_poisondamageindicator.obj
         .\Debug_mod_hl2mp\/hud_quickinfo.obj
         .\Debug_mod_hl2mp\/hud_squadstatus.obj
         .\Debug_mod_hl2mp\/hud_suitpower.obj
         .\Debug_mod_hl2mp\/hud_weaponselection.obj
         .\Debug_mod_hl2mp\/hud_zoom.obj
         .\Debug_mod_hl2mp\/script_intro_shared.obj
         .\Debug_mod_hl2mp\/shieldproxy.obj
         .\Debug_mod_hl2mp\/vgui_rootpanel_hl2.obj
         .\Debug_mod_hl2mp\/c_hl2mp_player.obj
         .\Debug_mod_hl2mp\/c_te_hl2mp_shotgun_shot.obj
         .\Debug_mod_hl2mp\/clientmode_hl2mpnormal.obj
         .\Debug_mod_hl2mp\/hl2mp_gamerules.obj
         .\Debug_mod_hl2mp\/hl2mp_player_shared.obj
         .\Debug_mod_hl2mp\/hl2mp_weapon_parse.obj
         .\Debug_mod_hl2mp\/backgroundpanel.obj
         .\Debug_mod_hl2mp\/hl2mp_hud_chat.obj
         .\Debug_mod_hl2mp\/hl2mp_hud_target_id.obj
         .\Debug_mod_hl2mp\/hl2mp_hud_team.obj
         .\Debug_mod_hl2mp\/hl2mpclientscoreboard.obj
         .\Debug_mod_hl2mp\/hl2mptextwindow.obj
         .\Debug_mod_hl2mp\/hud_deathnotice.obj
         .\Debug_mod_hl2mp\/weapon_357.obj
         .\Debug_mod_hl2mp\/weapon_ar2.obj
         .\Debug_mod_hl2mp\/weapon_crossbow.obj
         .\Debug_mod_hl2mp\/weapon_crowbar.obj
         .\Debug_mod_hl2mp\/weapon_frag.obj
         .\Debug_mod_hl2mp\/weapon_hl2mpbase.obj
         .\Debug_mod_hl2mp\/weapon_hl2mpbase_machinegun.obj
         .\Debug_mod_hl2mp\/weapon_hl2mpbasebasebludgeon.obj
         .\Debug_mod_hl2mp\/weapon_hl2mpbasehlmpcombatweapon.obj
         .\Debug_mod_hl2mp\/weapon_physcannon.obj
         .\Debug_mod_hl2mp\/weapon_pistol.obj
         .\Debug_mod_hl2mp\/weapon_rpg.obj
         .\Debug_mod_hl2mp\/weapon_shotgun.obj
         .\Debug_mod_hl2mp\/weapon_slam.obj
         .\Debug_mod_hl2mp\/weapon_smg1.obj
         .\Debug_mod_hl2mp\/weapon_stunstick.obj
         .\Debug_mod_hl2mp\/stdafx.obj
         .\Debug_mod_hl2mp\/in_sixense.obj
         .\Debug_mod_hl2mp\/in_sixense_gesture_bindings.obj
         .\Debug_mod_hl2mp\/sixense_convars.obj
         .\Debug_mod_hl2mp\/c_basetempentity.obj
         .\Debug_mod_hl2mp\/c_effects.obj
         .\Debug_mod_hl2mp\/c_impact_effects.obj
         .\Debug_mod_hl2mp\/c_movie_explosion.obj
         .\Debug_mod_hl2mp\/c_particle_fire.obj
         .\Debug_mod_hl2mp\/c_particle_smokegrenade.obj
         .\Debug_mod_hl2mp\/c_prop_vehicle.obj
         .\Debug_mod_hl2mp\/c_recipientfilter.obj
         .\Debug_mod_hl2mp\/c_smoke_trail.obj
         .\Debug_mod_hl2mp\/c_smokestack.obj
         .\Debug_mod_hl2mp\/c_steamjet.obj
         .\Debug_mod_hl2mp\/c_stickybolt.obj
         .\Debug_mod_hl2mp\/c_te.obj
         .\Debug_mod_hl2mp\/c_te_armorricochet.obj
         .\Debug_mod_hl2mp\/c_te_basebeam.obj
         .\Debug_mod_hl2mp\/c_te_beamentpoint.obj
         .\Debug_mod_hl2mp\/c_te_beaments.obj
         .\Debug_mod_hl2mp\/c_te_beamfollow.obj
         .\Debug_mod_hl2mp\/c_te_beamlaser.obj
         .\Debug_mod_hl2mp\/c_te_beampoints.obj
         .\Debug_mod_hl2mp\/c_te_beamring.obj
         .\Debug_mod_hl2mp\/c_te_beamringpoint.obj
         .\Debug_mod_hl2mp\/c_te_beamspline.obj
         .\Debug_mod_hl2mp\/c_te_bloodsprite.obj
         .\Debug_mod_hl2mp\/c_te_bloodstream.obj
         .\Debug_mod_hl2mp\/c_te_breakmodel.obj
         .\Debug_mod_hl2mp\/c_te_bspdecal.obj
         .\Debug_mod_hl2mp\/c_te_bubbles.obj
         .\Debug_mod_hl2mp\/c_te_bubbletrail.obj
         .\Debug_mod_hl2mp\/c_te_clientprojectile.obj
         .\Debug_mod_hl2mp\/c_te_decal.obj
         .\Debug_mod_hl2mp\/c_te_dynamiclight.obj
         .\Debug_mod_hl2mp\/c_te_effect_dispatch.obj
         .\Debug_mod_hl2mp\/c_te_energysplash.obj
         .\Debug_mod_hl2mp\/c_te_explosion.obj
         .\Debug_mod_hl2mp\/c_te_fizz.obj
         .\Debug_mod_hl2mp\/c_te_footprint.obj
         .\Debug_mod_hl2mp\/c_te_glassshatter.obj
         .\Debug_mod_hl2mp\/c_te_glowsprite.obj
         .\Debug_mod_hl2mp\/c_te_impact.obj
         .\Debug_mod_hl2mp\/c_te_killplayerattachments.obj
         .\Debug_mod_hl2mp\/c_te_largefunnel.obj
         .\Debug_mod_hl2mp\/c_te_legacytempents.obj
         .\Debug_mod_hl2mp\/c_te_muzzleflash.obj
         .\Debug_mod_hl2mp\/c_te_particlesystem.obj
         .\Debug_mod_hl2mp\/c_te_physicsprop.obj
         .\Debug_mod_hl2mp\/c_te_playerdecal.obj
         .\Debug_mod_hl2mp\/c_te_projecteddecal.obj
         .\Debug_mod_hl2mp\/c_te_showline.obj
         .\Debug_mod_hl2mp\/c_te_smoke.obj
         .\Debug_mod_hl2mp\/c_te_sparks.obj
         .\Debug_mod_hl2mp\/c_te_sprite.obj
         .\Debug_mod_hl2mp\/c_te_spritespray.obj
         .\Debug_mod_hl2mp\/c_te_worlddecal.obj
         .\Debug_mod_hl2mp\/c_testtraceline.obj
         .\Debug_mod_hl2mp\/c_tracer.obj
         .\Debug_mod_hl2mp\/fx.obj
         .\Debug_mod_hl2mp\/fx_discreetline.obj
         .\Debug_mod_hl2mp\/fx_envelope.obj
         .\Debug_mod_hl2mp\/fx_line.obj
         .\Debug_mod_hl2mp\/fx_sparks.obj
         .\Debug_mod_hl2mp\/particlesphererenderer.obj
         .\Debug_mod_hl2mp\/smoke_fog_overlay.obj
         .\Debug_mod_hl2mp\/bonelist.obj
         .\Debug_mod_hl2mp\/entity_client_tools.obj
         .\Debug_mod_hl2mp\/toolframework_client.obj
         ..\..\lib\public\bitmap.lib
         ..\..\lib\public\choreoobjects.lib
         ..\..\lib\public\dmxloader.lib
         ..\..\lib\common\libcurl.lib
         ..\..\lib\public\libprotobuf.lib
         ..\..\lib\public\libz.lib
         ..\..\lib\public\mathlib.lib
         ..\..\lib\public\matsys_controls.lib
         ..\..\lib\public\particles.lib
         ..\..\lib\public\steam_api.lib
         ..\..\lib\public\tier0.lib
         ..\..\lib\public\tier1.lib
         ..\..\lib\public\tier2.lib
         ..\..\lib\public\tier3.lib
         ..\..\lib\public\vgui_controls.lib
         ..\..\lib\public\vstdlib.lib
         ..\..\lib\public\vtf.lib
            Creating library .\Debug_mod_hl2mp\\client.lib and object .\Debug_mod_hl2mp\\client.exp
         client_hl2mp.vcxproj -> E:\Users\Desktop\myfirstmod\mp\src\game\client\.\Debug_mod_hl2mp\client.dll
       PostBuildEvent:
         if not exist "..\..\..\game\mod_hl2mp\bin\." mkdir "..\..\..\game\mod_hl2mp\bin\."
         copy "E:\Users\Desktop\myfirstmod\mp\src\game\client\Debug_mod_hl2mp\client.dll" "..\..\..\game\mod_hl2mp\bin\.\client.dll"
         if ERRORLEVEL 1 goto BuildEventFailed
         if exist "E:\Users\Desktop\myfirstmod\mp\src\game\client\Debug_mod_hl2mp\client.map" copy "E:\Users\Desktop\myfirstmod\mp\src\game\client\Debug_mod_hl2mp\client.map" ..\..\..\game\mod_hl2mp\bin\.\client.map
         copy "E:\Users\Desktop\myfirstmod\mp\src\game\client\Debug_mod_hl2mp\client.pdb" ..\..\..\game\mod_hl2mp\bin\.\client.pdb
         if ERRORLEVEL 1 goto BuildEventFailed
         goto BuildEventOK
         :BuildEventFailed
         echo *** ERROR! PostBuildStep FAILED for Client (HL2MP)! EXE or DLL is probably running. ***
         del /q "E:\Users\Desktop\myfirstmod\mp\src\game\client\Debug_mod_hl2mp\client.dll"
         exit 1
         :BuildEventOK
         
         :VCEnd
                 1 arquivo(s) copiado(s).
                 1 arquivo(s) copiado(s).
     1>Done Building Project "E:\Users\Desktop\myfirstmod\mp\src\game\client\client_hl2mp.vcxproj" (Build target(s)).

Build succeeded.

Time Elapsed 00:00:45.82
